<?xml version="1.0" encoding="UTF-8"?>
<!-- Generated by org.testng.reporters.JUnitReportReporter -->
<testsuite hostname="Megatron" failures="0" tests="1" name="runner.runner" time="14.668" errors="0" timestamp="2024-06-27T07:10:29 IST" skipped="0">
  <testcase classname="runner.runner" name="Gmail" time="14.668"/>
</testsuite> <!-- runner.runner -->
